<?xml version="1.0" encoding="UTF-8"?>
<testng-results skipped="0" failed="0" ignored="0" total="1" passed="1">
  <reporter-output>
  </reporter-output>
  <suite name="Default suite" duration-ms="15502" started-at="2019-12-13T03:11:53Z" finished-at="2019-12-13T03:12:09Z">
    <groups>
    </groups>
    <test name="Default test" duration-ms="15502" started-at="2019-12-13T03:11:53Z" finished-at="2019-12-13T03:12:09Z">
      <class name="com.testcases.Tc_01_CreateNewUser">
        <test-method status="PASS" signature="beforeSuite()[pri:0, instance:com.testcases.Tc_01_CreateNewUser@7d9d1a19]" name="beforeSuite" is-config="true" duration-ms="2108" started-at="2019-12-13T03:11:51Z" finished-at="2019-12-13T03:11:53Z">
          <reporter-output>
          </reporter-output>
        </test-method> <!-- beforeSuite -->
        <test-method status="PASS" signature="beforeMethod(java.lang.reflect.Method)[pri:0, instance:com.testcases.Tc_01_CreateNewUser@7d9d1a19]" name="beforeMethod" is-config="true" duration-ms="10940" started-at="2019-12-13T03:11:53Z" finished-at="2019-12-13T03:12:04Z">
          <params>
            <param index="0">
              <value>
                <![CDATA[public static void com.testcases.Tc_01_CreateNewUser.Tc_01_CreateNewUser()]]>
              </value>
            </param>
          </params>
          <reporter-output>
          </reporter-output>
        </test-method> <!-- beforeMethod -->
        <test-method status="PASS" signature="Tc_01_CreateNewUser()[pri:0, instance:com.testcases.Tc_01_CreateNewUser@7d9d1a19]" name="Tc_01_CreateNewUser" duration-ms="4506" started-at="2019-12-13T03:12:04Z" finished-at="2019-12-13T03:12:09Z">
          <reporter-output>
          </reporter-output>
        </test-method> <!-- Tc_01_CreateNewUser -->
        <test-method status="PASS" signature="afterMethod()[pri:0, instance:com.testcases.Tc_01_CreateNewUser@7d9d1a19]" name="afterMethod" is-config="true" duration-ms="4" started-at="2019-12-13T03:12:09Z" finished-at="2019-12-13T03:12:09Z">
          <reporter-output>
          </reporter-output>
        </test-method> <!-- afterMethod -->
        <test-method status="PASS" signature="afterSuite()[pri:0, instance:com.testcases.Tc_01_CreateNewUser@7d9d1a19]" name="afterSuite" is-config="true" duration-ms="984" started-at="2019-12-13T03:12:09Z" finished-at="2019-12-13T03:12:10Z">
          <reporter-output>
          </reporter-output>
        </test-method> <!-- afterSuite -->
      </class> <!-- com.testcases.Tc_01_CreateNewUser -->
    </test> <!-- Default test -->
  </suite> <!-- Default suite -->
</testng-results>
